[16:26:29] [Server thread/INFO]: Starting minecraft server version 1.8
[16:26:29] [Server thread/INFO]: Loading properties
[16:26:29] [Server console handler/ERROR]: Exception handling console input
java.io.IOException: The handle is invalid
	at java.io.FileInputStream.readBytes(Native Method) ~[?:1.7.0_65]
	at java.io.FileInputStream.read(Unknown Source) ~[?:1.7.0_65]
	at java.io.BufferedInputStream.read1(Unknown Source) ~[?:1.7.0_65]
	at java.io.BufferedInputStream.read(Unknown Source) ~[?:1.7.0_65]
	at sun.nio.cs.StreamDecoder.readBytes(Unknown Source) ~[?:1.7.0_65]
	at sun.nio.cs.StreamDecoder.implRead(Unknown Source) ~[?:1.7.0_65]
	at sun.nio.cs.StreamDecoder.read(Unknown Source) ~[?:1.7.0_65]
	at java.io.InputStreamReader.read(Unknown Source) ~[?:1.7.0_65]
	at java.io.BufferedReader.fill(Unknown Source) ~[?:1.7.0_65]
	at java.io.BufferedReader.readLine(Unknown Source) ~[?:1.7.0_65]
	at java.io.BufferedReader.readLine(Unknown Source) ~[?:1.7.0_65]
	at pq.run(SourceFile:80) [minecraft_server.1.8.exe:?]
[16:26:29] [Server thread/INFO]: Default game type: SURVIVAL
[16:26:29] [Server thread/INFO]: Generating keypair
[16:26:29] [Server thread/INFO]: Starting Minecraft server on *:25565
[16:26:30] [Server thread/WARN]: Failed to load user banlist: 
java.io.FileNotFoundException: banned-players.json (The system cannot find the file specified)
	at java.io.FileInputStream.open(Native Method) ~[?:1.7.0_65]
	at java.io.FileInputStream.<init>(Unknown Source) ~[?:1.7.0_65]
	at com.google.common.io.Files.newReader(Files.java:86) ~[minecraft_server.1.8.exe:?]
	at ss.g(SourceFile:124) ~[minecraft_server.1.8.exe:?]
	at pn.z(SourceFile:99) [minecraft_server.1.8.exe:?]
	at pn.<init>(SourceFile:25) [minecraft_server.1.8.exe:?]
	at po.i(SourceFile:171) [minecraft_server.1.8.exe:?]
	at net.minecraft.server.MinecraftServer.run(SourceFile:417) [minecraft_server.1.8.exe:?]
	at java.lang.Thread.run(Unknown Source) [?:1.7.0_65]
[16:26:30] [Server thread/WARN]: Failed to load ip banlist: 
java.io.FileNotFoundException: banned-ips.json (The system cannot find the file specified)
	at java.io.FileInputStream.open(Native Method) ~[?:1.7.0_65]
	at java.io.FileInputStream.<init>(Unknown Source) ~[?:1.7.0_65]
	at com.google.common.io.Files.newReader(Files.java:86) ~[minecraft_server.1.8.exe:?]
	at ss.g(SourceFile:124) ~[minecraft_server.1.8.exe:?]
	at pn.y(SourceFile:91) [minecraft_server.1.8.exe:?]
	at pn.<init>(SourceFile:27) [minecraft_server.1.8.exe:?]
	at po.i(SourceFile:171) [minecraft_server.1.8.exe:?]
	at net.minecraft.server.MinecraftServer.run(SourceFile:417) [minecraft_server.1.8.exe:?]
	at java.lang.Thread.run(Unknown Source) [?:1.7.0_65]
[16:26:30] [Server thread/WARN]: Failed to load operators list: 
java.io.FileNotFoundException: ops.json (The system cannot find the file specified)
	at java.io.FileInputStream.open(Native Method) ~[?:1.7.0_65]
	at java.io.FileInputStream.<init>(Unknown Source) ~[?:1.7.0_65]
	at com.google.common.io.Files.newReader(Files.java:86) ~[minecraft_server.1.8.exe:?]
	at ss.g(SourceFile:124) ~[minecraft_server.1.8.exe:?]
	at pn.A(SourceFile:107) [minecraft_server.1.8.exe:?]
	at pn.<init>(SourceFile:29) [minecraft_server.1.8.exe:?]
	at po.i(SourceFile:171) [minecraft_server.1.8.exe:?]
	at net.minecraft.server.MinecraftServer.run(SourceFile:417) [minecraft_server.1.8.exe:?]
	at java.lang.Thread.run(Unknown Source) [?:1.7.0_65]
[16:26:30] [Server thread/WARN]: Failed to load white-list: 
java.io.FileNotFoundException: whitelist.json (The system cannot find the file specified)
	at java.io.FileInputStream.open(Native Method) ~[?:1.7.0_65]
	at java.io.FileInputStream.<init>(Unknown Source) ~[?:1.7.0_65]
	at com.google.common.io.Files.newReader(Files.java:86) ~[minecraft_server.1.8.exe:?]
	at ss.g(SourceFile:124) ~[minecraft_server.1.8.exe:?]
	at pn.C(SourceFile:123) [minecraft_server.1.8.exe:?]
	at pn.<init>(SourceFile:30) [minecraft_server.1.8.exe:?]
	at po.i(SourceFile:171) [minecraft_server.1.8.exe:?]
	at net.minecraft.server.MinecraftServer.run(SourceFile:417) [minecraft_server.1.8.exe:?]
	at java.lang.Thread.run(Unknown Source) [?:1.7.0_65]
[16:26:30] [Server thread/INFO]: Preparing level "world"
[16:26:30] [Server thread/INFO]: Preparing start region for level 0
[16:26:31] [Server thread/INFO]: Preparing spawn area: 4%
[16:26:32] [Server thread/INFO]: Preparing spawn area: 7%
[16:26:33] [Server thread/INFO]: Preparing spawn area: 11%
[16:26:34] [Server thread/INFO]: Preparing spawn area: 14%
[16:26:35] [Server thread/INFO]: Preparing spawn area: 17%
[16:26:37] [Server thread/INFO]: Preparing spawn area: 20%
[16:26:38] [Server thread/INFO]: Preparing spawn area: 24%
[16:26:39] [Server thread/INFO]: Preparing spawn area: 26%
[16:26:40] [Server thread/INFO]: Preparing spawn area: 30%
[16:26:41] [Server thread/INFO]: Preparing spawn area: 35%
[16:26:42] [Server thread/INFO]: Preparing spawn area: 39%
[16:26:43] [Server thread/INFO]: Preparing spawn area: 44%
[16:26:44] [Server thread/INFO]: Preparing spawn area: 49%
[16:26:45] [Server thread/INFO]: Preparing spawn area: 53%
[16:26:46] [Server thread/INFO]: Preparing spawn area: 57%
[16:26:47] [Server thread/INFO]: Preparing spawn area: 59%
[16:26:48] [Server thread/INFO]: Preparing spawn area: 61%
[16:26:49] [Server thread/INFO]: Preparing spawn area: 63%
[16:26:50] [Server thread/INFO]: Preparing spawn area: 66%
[16:26:51] [Server thread/INFO]: Preparing spawn area: 68%
[16:26:52] [Server thread/INFO]: Preparing spawn area: 70%
[16:26:53] [Server thread/INFO]: Preparing spawn area: 72%
[16:26:54] [Server thread/INFO]: Preparing spawn area: 75%
[16:26:55] [Server thread/INFO]: Preparing spawn area: 77%
[16:26:56] [Server thread/INFO]: Preparing spawn area: 78%
[16:26:57] [Server thread/INFO]: Preparing spawn area: 80%
[16:26:58] [Server thread/INFO]: Preparing spawn area: 82%
[16:27:00] [Server thread/INFO]: Preparing spawn area: 85%
[16:27:01] [Server thread/INFO]: Preparing spawn area: 87%
[16:27:02] [Server thread/INFO]: Preparing spawn area: 89%
[16:27:03] [Server thread/INFO]: Preparing spawn area: 91%
[16:27:04] [Server thread/INFO]: Preparing spawn area: 93%
[16:27:05] [Server thread/INFO]: Preparing spawn area: 94%
[16:27:06] [Server thread/INFO]: Preparing spawn area: 97%
[16:27:07] [Server thread/INFO]: Preparing spawn area: 98%
[16:27:08] [Server thread/INFO]: Done (37.801s)! For help, type "help" or "?"
[16:27:50] [Server thread/INFO]: Stopping the server
[16:27:50] [Server thread/INFO]: Stopping server
[16:27:50] [Server thread/INFO]: Saving players
[16:27:50] [Server thread/INFO]: Saving worlds
[16:27:50] [Server thread/INFO]: Saving chunks for level 'world'/Overworld
[16:27:50] [Server thread/INFO]: Saving chunks for level 'world'/Nether
[16:27:50] [Server thread/INFO]: Saving chunks for level 'world'/The End
[16:27:52] [Server Shutdown Thread/INFO]: Stopping server
[16:27:52] [Server Shutdown Thread/INFO]: Saving players
[16:27:52] [Server Shutdown Thread/INFO]: Saving worlds
[16:27:52] [Server Shutdown Thread/INFO]: Saving chunks for level 'world'/Overworld
[16:27:52] [Server Shutdown Thread/INFO]: Saving chunks for level 'world'/Nether
[16:27:52] [Server Shutdown Thread/INFO]: Saving chunks for level 'world'/The End
